<?xml version="1.0" encoding="UTF-8"?>
<testsuite xmlns:xsi="http://www.w3.org/2001/XMLSchema-instance" xsi:noNamespaceSchemaLocation="https://maven.apache.org/surefire/maven-surefire-plugin/xsd/surefire-test-report-3.0.xsd" version="3.0" name="com.planeta.Planeta.PlanetaApplicationTests" time="17.166" tests="1" errors="0" skipped="0" failures="0">
  <properties>
[...]
</properties>
  <testcase name="contextLoads" classname="com.planeta.Planeta.PlanetaApplicationTests" time="1.378">
    <system-out><![CDATA[20:13:35.459 [main] INFO org.springframework.test.context.support.AnnotationConfigContextLoaderUtils -- Could not detect default configuration classes for test class [com.planeta.Planeta.PlanetaApplicationTests]: PlanetaApplicationTests does not declare any static, non-private, non-final, nested classes annotated with @Configuration.
20:13:35.789 [main] INFO org.springframework.boot.test.context.SpringBootTestContextBootstrapper -- Found @SpringBootConfiguration com.planeta.Planeta.PlanetaApplication for test class com.planeta.Planeta.PlanetaApplicationTests
20:13:36.344 [main] INFO org.springframework.boot.devtools.restart.RestartApplicationListener -- Restart disabled due to context in which it is running

  .   ____          _            __ _ _
 /\\ / ___'_ __ _ _(_)_ __  __ _ \ \ \ \
( ( )\___ | '_ | '_| | '_ \/ _` | \ \ \ \
 \\/  ___)| |_)| | | | | || (_| |  ) ) ) )
  '  |____| .__|_| |_|_| |_\__, | / / / /
 =========|_|==============|___/=/_/_/_/

 :: Spring Boot ::                (v3.3.4)

2024-10-24T20:13:37.688-03:00  INFO 12960 --- [Planeta] [           main] c.p.Planeta.PlanetaApplicationTests      : Starting PlanetaApplicationTests using Java 22 with PID 12960 (started by Usuario in C:\Users\Usuario\Desktop\Planeta)
2024-10-24T20:13:37.696-03:00  INFO 12960 --- [Planeta] [           main] c.p.Planeta.PlanetaApplicationTests      : No active profile set, falling back to 1 default profile: "default"
2024-10-24T20:13:37.802-03:00 DEBUG 12960 --- [Planeta] [           main] o.s.w.c.s.GenericWebApplicationContext   : Refreshing org.springframework.web.context.support.GenericWebApplicationContext@54a3ab8f
2024-10-24T20:13:40.332-03:00  INFO 12960 --- [Planeta] [           main] .s.d.r.c.RepositoryConfigurationDelegate : Bootstrapping Spring Data JPA repositories in DEFAULT mode.
2024-10-24T20:13:40.597-03:00  INFO 12960 --- [Planeta] [           main] .s.d.r.c.RepositoryConfigurationDelegate : Finished Spring Data repository scanning in 230 ms. Found 6 JPA repository interfaces.
2024-10-24T20:13:42.162-03:00  INFO 12960 --- [Planeta] [           main] o.hibernate.jpa.internal.util.LogHelper  : HHH000204: Processing PersistenceUnitInfo [name: default]
2024-10-24T20:13:42.367-03:00  INFO 12960 --- [Planeta] [           main] org.hibernate.Version                    : HHH000412: Hibernate ORM core version 6.5.3.Final
2024-10-24T20:13:42.470-03:00  INFO 12960 --- [Planeta] [           main] o.h.c.internal.RegionFactoryInitiator    : HHH000026: Second-level cache disabled
2024-10-24T20:13:43.645-03:00  INFO 12960 --- [Planeta] [           main] o.s.o.j.p.SpringPersistenceUnitInfo      : No LoadTimeWeaver setup: ignoring JPA class transformer
2024-10-24T20:13:43.727-03:00  INFO 12960 --- [Planeta] [           main] com.zaxxer.hikari.HikariDataSource       : HikariPool-1 - Starting...
2024-10-24T20:13:44.188-03:00  INFO 12960 --- [Planeta] [           main] com.zaxxer.hikari.pool.HikariPool        : HikariPool-1 - Added connection com.mysql.cj.jdbc.ConnectionImpl@2cea921a
2024-10-24T20:13:44.192-03:00  INFO 12960 --- [Planeta] [           main] com.zaxxer.hikari.HikariDataSource       : HikariPool-1 - Start completed.
2024-10-24T20:13:44.250-03:00  WARN 12960 --- [Planeta] [           main] org.hibernate.orm.deprecation            : HHH90000025: MySQL8Dialect does not need to be specified explicitly using 'hibernate.dialect' (remove the property setting and it will be selected by default)
2024-10-24T20:13:44.252-03:00  WARN 12960 --- [Planeta] [           main] org.hibernate.orm.deprecation            : HHH90000026: MySQL8Dialect has been deprecated; use org.hibernate.dialect.MySQLDialect instead
2024-10-24T20:13:47.151-03:00  INFO 12960 --- [Planeta] [           main] o.h.e.t.j.p.i.JtaPlatformInitiator       : HHH000489: No JTA platform available (set 'hibernate.transaction.jta.platform' to enable JTA platform integration)
2024-10-24T20:13:47.607-03:00  INFO 12960 --- [Planeta] [           main] j.LocalContainerEntityManagerFactoryBean : Initialized JPA EntityManagerFactory for persistence unit 'default'
2024-10-24T20:13:49.381-03:00  WARN 12960 --- [Planeta] [           main] JpaBaseConfiguration$JpaWebConfiguration : spring.jpa.open-in-view is enabled by default. Therefore, database queries may be performed during view rendering. Explicitly configure spring.jpa.open-in-view to disable this warning
2024-10-24T20:13:49.682-03:00 DEBUG 12960 --- [Planeta] [           main] s.w.s.m.m.a.RequestMappingHandlerMapping : 30 mappings in 'requestMappingHandlerMapping'
2024-10-24T20:13:50.039-03:00 DEBUG 12960 --- [Planeta] [           main] o.s.w.s.handler.SimpleUrlHandlerMapping  : Patterns [/webjars/**, /**] in 'resourceHandlerMapping'
2024-10-24T20:13:50.145-03:00 DEBUG 12960 --- [Planeta] [           main] s.w.s.m.m.a.RequestMappingHandlerAdapter : ControllerAdvice beans: 0 @ModelAttribute, 0 @InitBinder, 1 RequestBodyAdvice, 1 ResponseBodyAdvice
2024-10-24T20:13:50.259-03:00 DEBUG 12960 --- [Planeta] [           main] .m.m.a.ExceptionHandlerExceptionResolver : ControllerAdvice beans: 1 @ExceptionHandler, 1 ResponseBodyAdvice
2024-10-24T20:13:50.618-03:00  INFO 12960 --- [Planeta] [           main] c.p.Planeta.PlanetaApplicationTests      : Started PlanetaApplicationTests in 14.317 seconds (process running for 20.005)
]]></system-out>
    <system-err><![CDATA[WARNING: A Java agent has been loaded dynamically (C:\Users\Usuario\.m2\repository\net\bytebuddy\byte-buddy-agent\1.14.19\byte-buddy-agent-1.14.19.jar)
WARNING: If a serviceability tool is in use, please run with -XX:+EnableDynamicAgentLoading to hide this warning
WARNING: If a serviceability tool is not in use, please run with -Djdk.instrument.traceUsage for more information
WARNING: Dynamic loading of agents will be disallowed by default in a future release
]]></system-err>
  </testcase>
</testsuite>